2024-01-21 02:02:55.496 | INFO     | __main__:main:74 - Server Initiated ...
2024-01-21 02:02:55.496 | INFO     | __main__:main:75 - Connect http://192.168.43.165:9999
2024-01-21 02:03:00.949 | INFO     | __main__:get_tambola_tickets:52 - URL : http://192.168.43.165:9999/get/all/tickets
2024-01-21 02:03:07.844 | INFO     | __main__:generate_tambola_tickets:23 - URL : http://192.168.43.165:9999/generate/tickets
2024-01-21 02:03:07.848 | INFO     | utils.utils_functions:validate_parse_input:49 - 
 Request : {'setno': 1}
2024-01-21 02:03:07.853 | INFO     | utils.ticket_generator:get_ticket:154 - ╒═══╤════╤════╤════╤════╤════╤════╤════╤════╕
│ 3 │ 0  │ 22 │ 0  │ 0  │ 0  │ 62 │ 72 │ 84 │
├───┼────┼────┼────┼────┼────┼────┼────┼────┤
│ 0 │ 0  │ 24 │ 38 │ 41 │ 0  │ 67 │ 76 │ 0  │
├───┼────┼────┼────┼────┼────┼────┼────┼────┤
│ 5 │ 18 │ 26 │ 0  │ 49 │ 53 │ 0  │ 0  │ 0  │
╘═══╧════╧════╧════╧════╧════╧════╧════╧════╛
2024-01-21 02:03:07.943 | INFO     | utils.ticket_generator:get_ticket:154 - ╒═══╤════╤════╤════╤════╤════╤════╤════╤════╕
│ 0 │ 16 │ 27 │ 0  │ 47 │ 0  │ 61 │ 78 │ 0  │
├───┼────┼────┼────┼────┼────┼────┼────┼────┤
│ 8 │ 0  │ 22 │ 33 │ 48 │ 0  │ 0  │ 0  │ 82 │
├───┼────┼────┼────┼────┼────┼────┼────┼────┤
│ 0 │ 18 │ 28 │ 0  │ 0  │ 55 │ 0  │ 79 │ 83 │
╘═══╧════╧════╧════╧════╧════╧════╧════╧════╛
2024-01-21 02:03:08.025 | INFO     | utils.ticket_generator:get_ticket:154 - ╒═══╤════╤════╤════╤════╤════╤════╤════╤════╕
│ 2 │ 0  │ 21 │ 33 │ 0  │ 55 │ 0  │ 0  │ 85 │
├───┼────┼────┼────┼────┼────┼────┼────┼────┤
│ 3 │ 0  │ 23 │ 0  │ 44 │ 0  │ 0  │ 79 │ 86 │
├───┼────┼────┼────┼────┼────┼────┼────┼────┤
│ 0 │ 18 │ 26 │ 0  │ 50 │ 57 │ 65 │ 0  │ 0  │
╘═══╧════╧════╧════╧════╧════╧════╧════╧════╛
2024-01-21 02:03:08.105 | INFO     | utils.ticket_generator:get_ticket:154 - ╒═══╤════╤════╤════╤════╤════╤════╤════╤════╕
│ 0 │ 13 │ 0  │ 0  │ 45 │ 57 │ 0  │ 75 │ 87 │
├───┼────┼────┼────┼────┼────┼────┼────┼────┤
│ 0 │ 15 │ 0  │ 31 │ 48 │ 0  │ 67 │ 0  │ 84 │
├───┼────┼────┼────┼────┼────┼────┼────┼────┤
│ 4 │ 0  │ 24 │ 40 │ 0  │ 59 │ 0  │ 0  │ 89 │
╘═══╧════╧════╧════╧════╧════╧════╧════╧════╛
2024-01-21 02:03:08.187 | INFO     | utils.ticket_generator:get_ticket:154 - ╒═══╤════╤════╤════╤════╤════╤════╤════╤════╕
│ 1 │ 17 │ 26 │ 0  │ 0  │ 0  │ 64 │ 80 │ 0  │
├───┼────┼────┼────┼────┼────┼────┼────┼────┤
│ 4 │ 20 │ 27 │ 0  │ 42 │ 52 │ 0  │ 0  │ 0  │
├───┼────┼────┼────┼────┼────┼────┼────┼────┤
│ 7 │ 0  │ 0  │ 37 │ 50 │ 0  │ 70 │ 0  │ 88 │
╘═══╧════╧════╧════╧════╧════╧════╧════╧════╛
2024-01-21 02:03:08.258 | INFO     | utils.ticket_generator:get_ticket:154 - ╒═══╤════╤════╤════╤════╤════╤════╤════╤════╕
│ 0 │ 11 │ 23 │ 0  │ 44 │ 0  │ 0  │ 74 │ 81 │
├───┼────┼────┼────┼────┼────┼────┼────┼────┤
│ 6 │ 19 │ 0  │ 36 │ 0  │ 57 │ 64 │ 0  │ 0  │
├───┼────┼────┼────┼────┼────┼────┼────┼────┤
│ 0 │ 0  │ 30 │ 0  │ 49 │ 60 │ 0  │ 78 │ 83 │
╘═══╧════╧════╧════╧════╧════╧════╧════╧════╛
2024-01-21 02:06:04.370 | INFO     | __main__:main:80 - Server Initiated ...
2024-01-21 02:06:04.370 | INFO     | __main__:main:81 - Connect http://192.168.43.165:9999
2024-01-21 02:06:11.091 | INFO     | __main__:generate_tambola_tickets:24 - URL: http://192.168.43.165:9999/generate/tickets
2024-01-21 02:06:11.092 | INFO     | utils.utils_functions:validate_parse_input:49 - 
 Request : {'setno': 1}
2024-01-21 02:06:11.094 | INFO     | utils.ticket_generator:get_ticket:154 - ╒═══╤════╤════╤════╤════╤════╤════╤════╤════╕
│ 2 │ 0  │ 28 │ 31 │ 0  │ 0  │ 0  │ 72 │ 86 │
├───┼────┼────┼────┼────┼────┼────┼────┼────┤
│ 0 │ 12 │ 29 │ 36 │ 43 │ 0  │ 0  │ 0  │ 84 │
├───┼────┼────┼────┼────┼────┼────┼────┼────┤
│ 0 │ 0  │ 0  │ 37 │ 0  │ 60 │ 65 │ 74 │ 89 │
╘═══╧════╧════╧════╧════╧════╧════╧════╧════╛
2024-01-21 02:06:11.223 | INFO     | utils.ticket_generator:get_ticket:154 - ╒════╤════╤════╤════╤════╤════╤════╤════╤════╕
│ 0  │ 0  │ 25 │ 0  │ 43 │ 54 │ 65 │ 75 │ 0  │
├────┼────┼────┼────┼────┼────┼────┼────┼────┤
│ 6  │ 12 │ 0  │ 0  │ 44 │ 55 │ 0  │ 76 │ 0  │
├────┼────┼────┼────┼────┼────┼────┼────┼────┤
│ 10 │ 19 │ 0  │ 39 │ 48 │ 0  │ 0  │ 0  │ 82 │
╘════╧════╧════╧════╧════╧════╧════╧════╧════╛
2024-01-21 02:06:11.297 | INFO     | utils.ticket_generator:get_ticket:154 - ╒═══╤════╤════╤════╤════╤════╤════╤════╤════╕
│ 0 │ 19 │ 0  │ 0  │ 45 │ 55 │ 64 │ 79 │ 0  │
├───┼────┼────┼────┼────┼────┼────┼────┼────┤
│ 3 │ 0  │ 25 │ 32 │ 0  │ 59 │ 0  │ 0  │ 83 │
├───┼────┼────┼────┼────┼────┼────┼────┼────┤
│ 0 │ 20 │ 27 │ 0  │ 46 │ 0  │ 67 │ 0  │ 88 │
╘═══╧════╧════╧════╧════╧════╧════╧════╧════╛
2024-01-21 02:06:11.408 | INFO     | utils.ticket_generator:get_ticket:154 - ╒═══╤════╤════╤════╤════╤════╤════╤════╤════╕
│ 0 │ 0  │ 28 │ 0  │ 43 │ 53 │ 65 │ 0  │ 87 │
├───┼────┼────┼────┼────┼────┼────┼────┼────┤
│ 5 │ 14 │ 0  │ 0  │ 45 │ 0  │ 70 │ 71 │ 0  │
├───┼────┼────┼────┼────┼────┼────┼────┼────┤
│ 6 │ 16 │ 0  │ 37 │ 0  │ 0  │ 0  │ 78 │ 90 │
╘═══╧════╧════╧════╧════╧════╧════╧════╧════╛
2024-01-21 02:06:11.489 | INFO     | utils.ticket_generator:get_ticket:154 - ╒═══╤════╤════╤════╤════╤════╤════╤════╤════╕
│ 0 │ 0  │ 24 │ 0  │ 46 │ 51 │ 0  │ 71 │ 90 │
├───┼────┼────┼────┼────┼────┼────┼────┼────┤
│ 0 │ 13 │ 0  │ 31 │ 0  │ 57 │ 61 │ 73 │ 0  │
├───┼────┼────┼────┼────┼────┼────┼────┼────┤
│ 6 │ 15 │ 28 │ 34 │ 0  │ 59 │ 0  │ 0  │ 0  │
╘═══╧════╧════╧════╧════╧════╧════╧════╧════╛
2024-01-21 02:06:11.544 | INFO     | utils.ticket_generator:get_ticket:154 - ╒═══╤════╤════╤════╤════╤════╤════╤════╤════╕
│ 0 │ 18 │ 27 │ 0  │ 43 │ 0  │ 0  │ 77 │ 82 │
├───┼────┼────┼────┼────┼────┼────┼────┼────┤
│ 3 │ 0  │ 0  │ 36 │ 0  │ 53 │ 0  │ 78 │ 84 │
├───┼────┼────┼────┼────┼────┼────┼────┼────┤
│ 5 │ 0  │ 0  │ 39 │ 0  │ 59 │ 70 │ 0  │ 85 │
╘═══╧════╧════╧════╧════╧════╧════╧════╧════╛
